  [1m[35m (214.6ms)[0m  [1m[35mCREATE DATABASE "RoutesProject_development" ENCODING = 'unicode'[0m
  [1m[35m (158.4ms)[0m  [1m[35mCREATE DATABASE "RoutesProject_test" ENCODING = 'unicode'[0m
Started GET "/" for ::1 at 2023-08-02 14:43:55 -0400
Processing by Rails::WelcomeController#index as HTML
  Rendering /Users/huangyinyin/.rbenv/versions/3.1.1/lib/ruby/gems/3.1.0/gems/railties-7.0.6/lib/rails/templates/rails/welcome/index.html.erb
  Rendered /Users/huangyinyin/.rbenv/versions/3.1.1/lib/ruby/gems/3.1.0/gems/railties-7.0.6/lib/rails/templates/rails/welcome/index.html.erb (Duration: 7.4ms | Allocations: 583)
Completed 200 OK in 48ms (Views: 35.6ms | ActiveRecord: 0.0ms | Allocations: 4874)


Started GET "/users" for ::1 at 2023-08-02 14:56:17 -0400

ActionController::RoutingError - uninitialized constant UsersController
      Object.const_get(camel_cased_word)
            ^^^^^^^^^^
            raise MissingController.new(error.message, error.name)
            ^^^^^:

Started GET "/users" for 127.0.0.1 at 2023-08-02 15:19:17 -0400

AbstractController::ActionNotFound - The action 'index' could not be found for UsersController:

Started POST "/__better_errors/dcce9b15f06fd574/variables" for 127.0.0.1 at 2023-08-02 15:19:17 -0400
Started GET "/users" for 127.0.0.1 at 2023-08-02 15:22:11 -0400
Processing by UsersController#index as HTML
  Rendering text template
  Rendered text template (Duration: 0.0ms | Allocations: 13)
Completed 200 OK in 11ms (Views: 8.8ms | ActiveRecord: 0.0ms | Allocations: 1501)


